  main.cpp
C:\Users\yusuf\Downloads\hw1-visualstudio\hw1-visualstudio\main.cpp(79,5): error C4235: nonstandard extension used: '__asm' keyword not supported on this architecture
C:\Users\yusuf\Downloads\hw1-visualstudio\hw1-visualstudio\main.cpp(80,9): error C2065: 'XOR': undeclared identifier
C:\Users\yusuf\Downloads\hw1-visualstudio\hw1-visualstudio\main.cpp(80,13): error C2146: syntax error: missing ';' before identifier 'ESI'
C:\Users\yusuf\Downloads\hw1-visualstudio\hw1-visualstudio\main.cpp(80,13): error C2065: 'ESI': undeclared identifier
C:\Users\yusuf\Downloads\hw1-visualstudio\hw1-visualstudio\main.cpp(80,18): error C2065: 'ESI': undeclared identifier
C:\Users\yusuf\Downloads\hw1-visualstudio\hw1-visualstudio\main.cpp(81,9): error C2146: syntax error: missing ';' before identifier 'MOV'
C:\Users\yusuf\Downloads\hw1-visualstudio\hw1-visualstudio\main.cpp(81,9): error C2065: 'MOV': undeclared identifier
C:\Users\yusuf\Downloads\hw1-visualstudio\hw1-visualstudio\main.cpp(81,13): error C2146: syntax error: missing ';' before identifier 'EBX'
C:\Users\yusuf\Downloads\hw1-visualstudio\hw1-visualstudio\main.cpp(81,13): error C2065: 'EBX': undeclared identifier
C:\Users\yusuf\Downloads\hw1-visualstudio\hw1-visualstudio\main.cpp(82,9): error C2146: syntax error: missing ';' before identifier 'first_loop'
C:\Users\yusuf\Downloads\hw1-visualstudio\hw1-visualstudio\main.cpp(83,13): error C2065: 'CMP': undeclared identifier
C:\Users\yusuf\Downloads\hw1-visualstudio\hw1-visualstudio\main.cpp(83,17): error C2146: syntax error: missing ';' before identifier 'ESI'
C:\Users\yusuf\Downloads\hw1-visualstudio\hw1-visualstudio\main.cpp(83,17): error C2065: 'ESI': undeclared identifier
C:\Users\yusuf\Downloads\hw1-visualstudio\hw1-visualstudio\main.cpp(84,13): error C2146: syntax error: missing ';' before identifier 'JE'
C:\Users\yusuf\Downloads\hw1-visualstudio\hw1-visualstudio\main.cpp(84,13): error C2065: 'JE': undeclared identifier
C:\Users\yusuf\Downloads\hw1-visualstudio\hw1-visualstudio\main.cpp(84,16): error C2146: syntax error: missing ';' before identifier 'end'
C:\Users\yusuf\Downloads\hw1-visualstudio\hw1-visualstudio\main.cpp(84,16): error C2065: 'end': undeclared identifier
C:\Users\yusuf\Downloads\hw1-visualstudio\hw1-visualstudio\main.cpp(86,13): error C2146: syntax error: missing ';' before identifier 'INC'
C:\Users\yusuf\Downloads\hw1-visualstudio\hw1-visualstudio\main.cpp(86,13): error C2065: 'INC': undeclared identifier
C:\Users\yusuf\Downloads\hw1-visualstudio\hw1-visualstudio\main.cpp(86,17): error C2146: syntax error: missing ';' before identifier 'ESI'
C:\Users\yusuf\Downloads\hw1-visualstudio\hw1-visualstudio\main.cpp(86,17): error C2065: 'ESI': undeclared identifier
C:\Users\yusuf\Downloads\hw1-visualstudio\hw1-visualstudio\main.cpp(87,13): error C2146: syntax error: missing ';' before identifier 'JMP'
C:\Users\yusuf\Downloads\hw1-visualstudio\hw1-visualstudio\main.cpp(87,13): error C2065: 'JMP': undeclared identifier
C:\Users\yusuf\Downloads\hw1-visualstudio\hw1-visualstudio\main.cpp(87,17): error C2146: syntax error: missing ';' before identifier 'first_loop'
C:\Users\yusuf\Downloads\hw1-visualstudio\hw1-visualstudio\main.cpp(87,17): error C2065: 'first_loop': undeclared identifier
C:\Users\yusuf\Downloads\hw1-visualstudio\hw1-visualstudio\main.cpp(88,9): error C2146: syntax error: missing ';' before identifier 'end'
C:\Users\yusuf\Downloads\hw1-visualstudio\hw1-visualstudio\main.cpp(89,5): error C2059: syntax error: '}'
C:\Users\yusuf\Downloads\hw1-visualstudio\hw1-visualstudio\main.cpp(133,5): error C4235: nonstandard extension used: '__asm' keyword not supported on this architecture
C:\Users\yusuf\Downloads\hw1-visualstudio\hw1-visualstudio\main.cpp(143,5): error C4235: nonstandard extension used: '__asm' keyword not supported on this architecture
C:\Users\yusuf\Downloads\hw1-visualstudio\hw1-visualstudio\main.cpp(154,5): error C4235: nonstandard extension used: '__asm' keyword not supported on this architecture
C:\Users\yusuf\Downloads\hw1-visualstudio\hw1-visualstudio\main.cpp(165,5): error C4235: nonstandard extension used: '__asm' keyword not supported on this architecture
